生成启动时间为 2017/2/22 13:24:31。
     1>项目“D:\StudyProc\VS2013\sqlite3\src\sqlite3\sqlite3.vcxproj”在节点 2 上(Build 个目标)。
     1>ClCompile:
         D:\softwore\Microsoft Visual Studio 12.0\VC\bin\CL.exe /c /Zi /nologo /W3 /WX- /O2 /Oi /Oy- /GL /D WIN32 /D SQLITE_ENABLE_RTREE /D SQLITE_ENABLE_COLUMN_METADATA /D SQLITE_HAS_CODEC /D SQLITE3ENCRYPT_EXPORTS /D SQLITE_ENABLE_FTS3 /D SQLITE_ENABLE_FTS3_PARENTHESIS /D SQLITE_SECURE_DELETE /D SQLITE_SOUNDEX /D CODEC_TYPE=CODEC_TYPE_AES128 /D NDEBUG /D _WINDOWS /D _USRDLL /D SQLITE3_EXPORTS /D _MBCS /Gm- /EHsc /MT /GS /Gy /fp:precise /Zc:wchar_t /Zc:forScope /Fo"Release\\" /Fd"Release\vc120.pdb" /Gd /TP /analyze- /errorReport:prompt CppSQLite3.cpp
         CppSQLite3.cpp
     1>CppSQLite3.cpp(1078): warning C4996: 'sprintf': This function or variable may be unsafe. Consider using sprintf_s instead. To disable deprecation, use _CRT_SECURE_NO_WARNINGS. See online help for details.
                 D:\softwore\Microsoft Visual Studio 12.0\VC\include\stdio.h(356) : 参见“sprintf”的声明
     1>CppSQLite3.cpp(1254): warning C4996: 'sprintf': This function or variable may be unsafe. Consider using sprintf_s instead. To disable deprecation, use _CRT_SECURE_NO_WARNINGS. See online help for details.
                 D:\softwore\Microsoft Visual Studio 12.0\VC\include\stdio.h(356) : 参见“sprintf”的声明
         D:\softwore\Microsoft Visual Studio 12.0\VC\bin\CL.exe /c /Zi /nologo /W3 /WX- /O2 /Oi /Oy- /GL /D WIN32 /D SQLITE_ENABLE_RTREE /D SQLITE_ENABLE_COLUMN_METADATA /D SQLITE_HAS_CODEC /D SQLITE3ENCRYPT_EXPORTS /D SQLITE_ENABLE_FTS3 /D SQLITE_ENABLE_FTS3_PARENTHESIS /D SQLITE_SECURE_DELETE /D SQLITE_SOUNDEX /D CODEC_TYPE=CODEC_TYPE_AES128 /D NDEBUG /D _WINDOWS /D _USRDLL /D SQLITE3_EXPORTS /D _MBCS /Gm- /EHsc /MT /GS /Gy /fp:precise /Zc:wchar_t /Zc:forScope /Fo"Release\\" /Fd"Release\vc120.pdb" /Gd /TC /analyze- /errorReport:prompt sqlite3secure.c
         sqlite3secure.c
     1>d:\studyproc\vs2013\sqlite3\src\sqlite3\sqlite3.c(31585): warning C4996: 'GetVersionExA': 被声明为已否决
                 C:\Program Files (x86)\Windows Kits\8.1\Include\um\sysinfoapi.h(433) : 参见“GetVersionExA”的声明
       Lib:
         D:\softwore\Microsoft Visual Studio 12.0\VC\bin\Lib.exe /OUT:"D:\StudyProc\VS2013\sqlite3\src\Release\sqlite3.lib" /NOLOGO /LTCG Release\CppSQLite3.obj
         Release\sqlite3secure.obj
         sqlite3.vcxproj -> D:\StudyProc\VS2013\sqlite3\src\Release\sqlite3.lib
     1>已完成生成项目“D:\StudyProc\VS2013\sqlite3\src\sqlite3\sqlite3.vcxproj”(Build 个目标)的操作。

生成成功。

已用时间 00:00:00.73
